生成启动时间为 2014/9/11 14:49:59。
     1>项目“F:\swfproject\3dls_colon - 05\3dls_colon\3dls_colon.vcxproj”在节点 2 上(Build 个目标)。
     1>ClCompile:
         D:\vs2013\VC\bin\x86_amd64\CL.exe /c /Zi /nologo /W3 /WX- /Od /D _MBCS /Gm /EHsc /RTC1 /MDd /GS /fp:precise /Zc:wchar_t /Zc:forScope /Fo"x64\Debug\\" /Fd"x64\Debug\vc120.pdb" /Gd /TP /errorReport:prompt ..\main.cpp
         main.cpp
     1>f:\swfproject\3dls_colon - 05\DivideRegion.h(84): warning C4244: “初始化”: 从“__int64”转换到“int”，可能丢失数据
     1>f:\swfproject\3dls_colon - 05\DivideRegion.h(85): warning C4244: “初始化”: 从“__int64”转换到“int”，可能丢失数据
     1>f:\swfproject\3dls_colon - 05\DivideRegion.h(86): warning C4244: “初始化”: 从“__int64”转换到“int”，可能丢失数据
     1>f:\swfproject\3dls_colon - 05\DivideRegion.h(91): warning C4244: “参数”: 从“int”转换到“float”，可能丢失数据
     1>f:\swfproject\3dls_colon - 05\DivideRegion.h(92): warning C4244: “参数”: 从“int”转换到“float”，可能丢失数据
     1>f:\swfproject\3dls_colon - 05\DivideRegion.h(113): warning C4244: “初始化”: 从“__int64”转换到“int”，可能丢失数据
     1>f:\swfproject\3dls_colon - 05\DivideRegion.h(114): warning C4244: “初始化”: 从“__int64”转换到“int”，可能丢失数据
     1>f:\swfproject\3dls_colon - 05\DivideRegion.h(115): warning C4244: “初始化”: 从“__int64”转换到“int”，可能丢失数据
     1>f:\swfproject\3dls_colon - 05\DivideRegion.h(135): warning C4244: “参数”: 从“__int64”转换到“int”，可能丢失数据
     1>f:\swfproject\3dls_colon - 05\DivideRegion.h(148): warning C4244: “参数”: 从“__int64”转换到“int”，可能丢失数据
     1>f:\swfproject\3dls_colon - 05\DivideRegion.h(157): warning C4244: “参数”: 从“__int64”转换到“int”，可能丢失数据
     1>f:\swfproject\3dls_colon - 05\DivideRegion.h(163): warning C4244: “初始化”: 从“__int64”转换到“int”，可能丢失数据
     1>f:\swfproject\3dls_colon - 05\DivideRegion.h(176): warning C4244: “参数”: 从“int”转换到“float”，可能丢失数据
     1>f:\swfproject\3dls_colon - 05\DivideRegion.h(250): warning C4244: “参数”: 从“__int64”转换到“int”，可能丢失数据
     1>f:\swfproject\3dls_colon - 05\DivideRegion.h(255): warning C4018: “<”: 有符号/无符号不匹配
     1>f:\swfproject\3dls_colon - 05\DivideRegion.h(284): warning C4244: “参数”: 从“__int64”转换到“int”，可能丢失数据
     1>f:\swfproject\3dls_colon - 05\DivideRegion.h(302): warning C4244: “参数”: 从“int”转换到“float”，可能丢失数据
     1>f:\swfproject\3dls_colon - 05\DivideRegion.h(302): warning C4244: “参数”: 从“__int64”转换到“int”，可能丢失数据
     1>f:\swfproject\3dls_colon - 05\DivideRegion.h(307): warning C4018: “<”: 有符号/无符号不匹配
     1>f:\swfproject\3dls_colon - 05\DivideRegion.h(323): warning C4244: “=”: 从“int”转换到“float”，可能丢失数据
     1>f:\swfproject\3dls_colon - 05\DivideRegion.h(336): warning C4244: “参数”: 从“int”转换到“float”，可能丢失数据
     1>f:\swfproject\3dls_colon - 05\DivideRegion.h(336): warning C4244: “参数”: 从“__int64”转换到“int”，可能丢失数据
     1>f:\swfproject\3dls_colon - 05\DivideRegion.h(393): warning C4244: “=”: 从“int”转换到“float”，可能丢失数据
     1>f:\swfproject\3dls_colon - 05\DivideRegion.h(401): warning C4244: “参数”: 从“__int64”转换到“int”，可能丢失数据
     1>f:\swfproject\3dls_colon - 05\DivideRegion.h(406): warning C4244: “参数”: 从“int”转换到“float”，可能丢失数据
     1>f:\swfproject\3dls_colon - 05\DivideRegion.h(406): warning C4244: “参数”: 从“__int64”转换到“int”，可能丢失数据
     1>f:\swfproject\3dls_colon - 05\DivideRegion.h(412): warning C4018: “<”: 有符号/无符号不匹配
     1>f:\swfproject\3dls_colon - 05\DivideRegion.h(428): warning C4244: “=”: 从“int”转换到“float”，可能丢失数据
     1>f:\swfproject\3dls_colon - 05\DivideRegion.h(440): warning C4244: “参数”: 从“int”转换到“float”，可能丢失数据
     1>f:\swfproject\3dls_colon - 05\DivideRegion.h(440): warning C4244: “参数”: 从“__int64”转换到“int”，可能丢失数据
     1>f:\swfproject\3dls_colon - 05\DivideRegion.h(448): warning C4244: “参数”: 从“__int64”转换到“int”，可能丢失数据
     1>f:\swfproject\3dls_colon - 05\DivideRegion.h(464): warning C4244: “参数”: 从“int”转换到“float”，可能丢失数据
     1>f:\swfproject\3dls_colon - 05\DivideRegion.h(478): warning C4244: “初始化”: 从“__int64”转换到“int”，可能丢失数据
     1>f:\swfproject\3dls_colon - 05\DivideRegion.h(479): warning C4244: “初始化”: 从“__int64”转换到“int”，可能丢失数据
     1>f:\swfproject\3dls_colon - 05\DivideRegion.h(480): warning C4244: “初始化”: 从“__int64”转换到“int”，可能丢失数据
     1>f:\swfproject\3dls_colon - 05\DivideRegion.h(515): warning C4244: “=”: 从“int”转换到“float”，可能丢失数据
     1>f:\swfproject\3dls_colon - 05\DivideRegion.h(542): warning C4244: “参数”: 从“int”转换到“float”，可能丢失数据
     1>f:\swfproject\3dls_colon - 05\DivideRegion.h(557): warning C4244: “参数”: 从“__int64”转换到“int”，可能丢失数据
     1>f:\swfproject\3dls_colon - 05\DivideRegion.h(611): warning C4244: “参数”: 从“__int64”转换到“int”，可能丢失数据
     1>f:\swfproject\3dls_colon - 05\DivideRegion.h(653): warning C4267: “=”: 从“size_t”转换到“int”，可能丢失数据
     1>f:\swfproject\3dls_colon - 05\DivideRegion.h(680): warning C4244: “参数”: 从“__int64”转换到“int”，可能丢失数据
     1>f:\swfproject\3dls_colon - 05\DivideRegion.h(684): warning C4244: “参数”: 从“__int64”转换到“int”，可能丢失数据
     1>f:\swfproject\3dls_colon - 05\DivideRegion.h(702): warning C4267: “初始化”: 从“size_t”转换到“int”，可能丢失数据
     1>f:\swfproject\3dls_colon - 05\DivideRegion.h(708): warning C4267: “初始化”: 从“size_t”转换到“int”，可能丢失数据
     1>f:\swfproject\3dls_colon - 05\DivideRegion.h(748): warning C4244: “参数”: 从“__int64”转换到“int”，可能丢失数据
     1>f:\swfproject\3dls_colon - 05\DivideRegion.h(773): warning C4244: “参数”: 从“__int64”转换到“int”，可能丢失数据
     1>f:\swfproject\3dls_colon - 05\DivideRegion.h(777): warning C4244: “参数”: 从“__int64”转换到“int”，可能丢失数据
     1>f:\swfproject\3dls_colon - 05\DivideRegion.h(796): warning C4267: “初始化”: 从“size_t”转换到“int”，可能丢失数据
     1>f:\swfproject\3dls_colon - 05\DivideRegion.h(802): warning C4267: “初始化”: 从“size_t”转换到“int”，可能丢失数据
     1>f:\swfproject\3dls_colon - 05\DivideRegion.h(852): warning C4267: “初始化”: 从“size_t”转换到“int”，可能丢失数据
     1>f:\swfproject\3dls_colon - 05\DivideRegion.h(854): warning C4244: “参数”: 从“__int64”转换到“int”，可能丢失数据
     1>f:\swfproject\3dls_colon - 05\DivideRegion.h(856): warning C4244: “参数”: 从“__int64”转换到“int”，可能丢失数据
     1>f:\swfproject\3dls_colon - 05\DivideRegion.h(871): warning C4258: “i”: 忽略 For 循环中的定义；使用封闭范围中的定义
                 f:\swfproject\3dls_colon - 05\DivideRegion.h(852) : 忽略“i”的定义
                 f:\swfproject\3dls_colon - 05\DivideRegion.h(846) : 使用“i”的定义
     1>f:\swfproject\3dls_colon - 05\DivideRegion.h(875): warning C4244: “参数”: 从“__int64”转换到“int”，可能丢失数据
     1>f:\swfproject\3dls_colon - 05\DivideRegion.h(887): warning C4244: “参数”: 从“__int64”转换到“int”，可能丢失数据
     1>f:\swfproject\3dls_colon - 05\DivideRegion.h(942): warning C4244: “初始化”: 从“__int64”转换到“int”，可能丢失数据
     1>f:\swfproject\3dls_colon - 05\DivideRegion.h(944): warning C4244: “初始化”: 从“__int64”转换到“int”，可能丢失数据
     1>f:\swfproject\3dls_colon - 05\DivideRegion.h(946): warning C4244: “初始化”: 从“__int64”转换到“int”，可能丢失数据
     1>f:\swfproject\3dls_colon - 05\DivideRegion.h(970): warning C4244: “初始化”: 从“__int64”转换到“int”，可能丢失数据
     1>f:\swfproject\3dls_colon - 05\DivideRegion.h(972): warning C4244: “初始化”: 从“__int64”转换到“int”，可能丢失数据
     1>f:\swfproject\3dls_colon - 05\DivideRegion.h(974): warning C4244: “初始化”: 从“__int64”转换到“int”，可能丢失数据
     1>f:\swfproject\3dls_colon - 05\DivideRegion.h(997): warning C4244: “初始化”: 从“__int64”转换到“int”，可能丢失数据
     1>f:\swfproject\3dls_colon - 05\DivideRegion.h(999): warning C4244: “初始化”: 从“__int64”转换到“int”，可能丢失数据
     1>f:\swfproject\3dls_colon - 05\DivideRegion.h(1001): warning C4244: “初始化”: 从“__int64”转换到“int”，可能丢失数据
     1>f:\swfproject\3dls_colon - 05\DivideRegion.h(1024): warning C4244: “初始化”: 从“__int64”转换到“int”，可能丢失数据
     1>f:\swfproject\3dls_colon - 05\DivideRegion.h(1026): warning C4244: “初始化”: 从“__int64”转换到“int”，可能丢失数据
     1>f:\swfproject\3dls_colon - 05\DivideRegion.h(1028): warning C4244: “初始化”: 从“__int64”转换到“int”，可能丢失数据
     1>f:\swfproject\3dls_colon - 05\DivideRegion.h(1070): warning C4267: “初始化”: 从“size_t”转换到“int”，可能丢失数据
     1>f:\swfproject\3dls_colon - 05\DivideRegion.h(1104): warning C4244: “初始化”: 从“__int64”转换到“int”，可能丢失数据
     1>f:\swfproject\3dls_colon - 05\DivideRegion.h(1106): warning C4244: “初始化”: 从“__int64”转换到“int”，可能丢失数据
     1>f:\swfproject\3dls_colon - 05\DivideRegion.h(1108): warning C4244: “初始化”: 从“__int64”转换到“int”，可能丢失数据
     1>f:\swfproject\3dls_colon - 05\DivideRegion.h(1134): warning C4244: “初始化”: 从“__int64”转换到“int”，可能丢失数据
     1>f:\swfproject\3dls_colon - 05\DivideRegion.h(1136): warning C4244: “初始化”: 从“__int64”转换到“int”，可能丢失数据
     1>f:\swfproject\3dls_colon - 05\DivideRegion.h(1138): warning C4244: “初始化”: 从“__int64”转换到“int”，可能丢失数据
     1>f:\swfproject\3dls_colon - 05\DivideRegion.h(1163): warning C4244: “初始化”: 从“__int64”转换到“int”，可能丢失数据
     1>f:\swfproject\3dls_colon - 05\DivideRegion.h(1165): warning C4244: “初始化”: 从“__int64”转换到“int”，可能丢失数据
     1>f:\swfproject\3dls_colon - 05\DivideRegion.h(1167): warning C4244: “初始化”: 从“__int64”转换到“int”，可能丢失数据
     1>f:\swfproject\3dls_colon - 05\DivideRegion.h(1189): warning C4244: “初始化”: 从“__int64”转换到“int”，可能丢失数据
     1>f:\swfproject\3dls_colon - 05\DivideRegion.h(1191): warning C4244: “初始化”: 从“__int64”转换到“int”，可能丢失数据
     1>f:\swfproject\3dls_colon - 05\DivideRegion.h(1193): warning C4244: “初始化”: 从“__int64”转换到“int”，可能丢失数据
     1>f:\swfproject\3dls_colon - 05\DivideRegion.h(1285): warning C4244: “初始化”: 从“__int64”转换到“int”，可能丢失数据
     1>f:\swfproject\3dls_colon - 05\DivideRegion.h(1287): warning C4244: “初始化”: 从“__int64”转换到“int”，可能丢失数据
     1>f:\swfproject\3dls_colon - 05\DivideRegion.h(1289): warning C4244: “初始化”: 从“__int64”转换到“int”，可能丢失数据
     1>f:\swfproject\3dls_colon - 05\DivideRegion.h(1314): warning C4244: “初始化”: 从“__int64”转换到“int”，可能丢失数据
     1>f:\swfproject\3dls_colon - 05\DivideRegion.h(1316): warning C4244: “初始化”: 从“__int64”转换到“int”，可能丢失数据
     1>f:\swfproject\3dls_colon - 05\DivideRegion.h(1318): warning C4244: “初始化”: 从“__int64”转换到“int”，可能丢失数据
     1>f:\swfproject\3dls_colon - 05\DivideRegion.h(1341): warning C4244: “初始化”: 从“__int64”转换到“int”，可能丢失数据
     1>f:\swfproject\3dls_colon - 05\DivideRegion.h(1343): warning C4244: “初始化”: 从“__int64”转换到“int”，可能丢失数据
     1>f:\swfproject\3dls_colon - 05\DivideRegion.h(1345): warning C4244: “初始化”: 从“__int64”转换到“int”，可能丢失数据
     1>f:\swfproject\3dls_colon - 05\DivideRegion.h(1368): warning C4244: “初始化”: 从“__int64”转换到“int”，可能丢失数据
     1>f:\swfproject\3dls_colon - 05\DivideRegion.h(1370): warning C4244: “初始化”: 从“__int64”转换到“int”，可能丢失数据
     1>f:\swfproject\3dls_colon - 05\DivideRegion.h(1372): warning C4244: “初始化”: 从“__int64”转换到“int”，可能丢失数据
     1>f:\swfproject\3dls_colon - 05\DivideRegion.h(1417): warning C4267: “初始化”: 从“size_t”转换到“int”，可能丢失数据
     1>f:\swfproject\3dls_colon - 05\DivideRegion.h(1431): warning C4244: “初始化”: 从“__int64”转换到“int”，可能丢失数据
     1>f:\swfproject\3dls_colon - 05\DivideRegion.h(1433): warning C4244: “初始化”: 从“__int64”转换到“int”，可能丢失数据
     1>f:\swfproject\3dls_colon - 05\DivideRegion.h(1435): warning C4244: “初始化”: 从“__int64”转换到“int”，可能丢失数据
     1>f:\swfproject\3dls_colon - 05\DivideRegion.h(1461): warning C4244: “初始化”: 从“__int64”转换到“int”，可能丢失数据
     1>f:\swfproject\3dls_colon - 05\DivideRegion.h(1463): warning C4244: “初始化”: 从“__int64”转换到“int”，可能丢失数据
     1>f:\swfproject\3dls_colon - 05\DivideRegion.h(1465): warning C4244: “初始化”: 从“__int64”转换到“int”，可能丢失数据
     1>f:\swfproject\3dls_colon - 05\DivideRegion.h(1490): warning C4244: “初始化”: 从“__int64”转换到“int”，可能丢失数据
     1>f:\swfproject\3dls_colon - 05\DivideRegion.h(1492): warning C4244: “初始化”: 从“__int64”转换到“int”，可能丢失数据
     1>f:\swfproject\3dls_colon - 05\DivideRegion.h(1494): warning C4244: “初始化”: 从“__int64”转换到“int”，可能丢失数据
     1>f:\swfproject\3dls_colon - 05\DivideRegion.h(1517): warning C4244: “初始化”: 从“__int64”转换到“int”，可能丢失数据
     1>f:\swfproject\3dls_colon - 05\DivideRegion.h(1519): warning C4244: “初始化”: 从“__int64”转换到“int”，可能丢失数据
     1>f:\swfproject\3dls_colon - 05\DivideRegion.h(1521): warning C4244: “初始化”: 从“__int64”转换到“int”，可能丢失数据
     1>f:\swfproject\3dls_colon - 05\CImg.h(17021): warning C4267: “参数”: 从“size_t”转换到“const unsigned int”，可能丢失数据
                 f:\swfproject\3dls_colon - 05\CImg.h(17019): 编译类 模板 成员函数“cimg_library::CImg<char> cimg_library::CImg<char>::string(const char *const ,const bool)”时
                 f:\swfproject\3dls_colon - 05\CImg.h(38141): 参见对正在编译的函数 模板 实例化“cimg_library::CImg<char> cimg_library::CImg<char>::string(const char *const ,const bool)”的引用
                 f:\swfproject\3dls_colon - 05\CImg.h(13680): 参见对正在编译的类 模板 实例化“cimg_library::CImg<char>”的引用
                 f:\swfproject\3dls_colon - 05\CImg.h(15764): 参见对正在编译的类 模板 实例化“cimg_library::CImg<float>::_cimg_math_parser”的引用
                 f:\swfproject\3dls_colon - 05\CImg.h(15762): 编译类 模板 成员函数“double cimg_library::CImg<float>::eval(const char *const ,const double,const double,const double,const double) const”时
                 f:\swfproject\3dls_colon - 05\CImg.h(46145): 参见对正在编译的函数 模板 实例化“double cimg_library::CImg<float>::eval(const char *const ,const double,const double,const double,const double) const”的引用
                 f:\swfproject\3dls_colon - 05\CImg.h(46144): 参见对正在编译的类 模板 实例化“cimg_library::CImg<float>”的引用
     1>f:\swfproject\3dls_colon - 05\CImg.h(18837): warning C4244: “参数”: 从“__int64”转换到“const unsigned int”，可能丢失数据
                 f:\swfproject\3dls_colon - 05\CImg.h(18831): 编译类 模板 成员函数“cimg_library::CImg<char> &cimg_library::CImg<char>::_system_strescape(void)”时
                 f:\swfproject\3dls_colon - 05\CImg.h(41011): 参见对正在编译的函数 模板 实例化“cimg_library::CImg<char> &cimg_library::CImg<char>::_system_strescape(void)”的引用
     1>f:\swfproject\3dls_colon - 05\CImg.h(18837): warning C4267: “参数”: 从“size_t”转换到“const unsigned int”，可能丢失数据
     1>f:\swfproject\3dls_colon - 05\CImg.h(18838): warning C4244: “参数”: 从“__int64”转换到“const unsigned int”，可能丢失数据
     1>f:\swfproject\3dls_colon - 05\CImg.h(18838): warning C4267: “参数”: 从“size_t”转换到“const unsigned int”，可能丢失数据
     1>f:\swfproject\3dls_colon - 05\CImg.h(18839): warning C4244: “参数”: 从“__int64”转换到“const unsigned int”，可能丢失数据
     1>f:\swfproject\3dls_colon - 05\CImg.h(18839): warning C4267: “参数”: 从“size_t”转换到“const unsigned int”，可能丢失数据
     1>f:\swfproject\3dls_colon - 05\CImg.h(18840): warning C4244: “参数”: 从“__int64”转换到“const unsigned int”，可能丢失数据
     1>f:\swfproject\3dls_colon - 05\CImg.h(18840): warning C4267: “参数”: 从“size_t”转换到“const unsigned int”，可能丢失数据
     1>f:\swfproject\3dls_colon - 05\CImg.h(18841): warning C4244: “参数”: 从“__int64”转换到“const unsigned int”，可能丢失数据
     1>f:\swfproject\3dls_colon - 05\CImg.h(18841): warning C4267: “参数”: 从“size_t”转换到“const unsigned int”，可能丢失数据
     1>f:\swfproject\3dls_colon - 05\CImg.h(18843): warning C4244: “参数”: 从“__int64”转换到“const unsigned int”，可能丢失数据
       Link:
         D:\vs2013\VC\bin\x86_amd64\link.exe /ERRORREPORT:PROMPT /OUT:"F:\swfproject\3dls_colon - 05\x64\Debug\3dls_colon-multithread.exe" /INCREMENTAL /NOLOGO pthreadVC2.lib kernel32.lib user32.lib gdi32.lib winspool.lib comdlg32.lib advapi32.lib shell32.lib ole32.lib oleaut32.lib uuid.lib odbc32.lib odbccp32.lib /MANIFEST /MANIFESTUAC:"level='asInvoker' uiAccess='false'" /manifest:embed /DEBUG /PDB:"F:\swfproject\3dls_colon - 05\x64\Debug\3dls_colon-multithread.pdb" /TLBID:1 /DYNAMICBASE /NXCOMPAT /IMPLIB:"F:\swfproject\3dls_colon - 05\x64\Debug\3dls_colon-multithread.lib" /MACHINE:X64 x64\Debug\Filter.obj
         x64\Debug\image.obj
         x64\Debug\initial.obj
         x64\Debug\main.obj
         x64\Debug\main2d.obj
         x64\Debug\MultiPthread.obj
         x64\Debug\ProcessDirty.obj
         x64\Debug\ThreeDim_LevelSet.obj
         x64\Debug\vol_math_anistropic.obj
         x64\Debug\vol_math_LevelSet.obj
         x64\Debug\vol_math_Raw3D_Independt.obj
         x64\Debug\vol_math_RawImage.obj
         x64\Debug\vol_math_trilateralfilter.obj
         x64\Debug\WipeNioisePde.obj
         x64\Debug\statistics.obj
         3dls_colon.vcxproj -> F:\swfproject\3dls_colon - 05\x64\Debug\3dls_colon-multithread.exe
     1>已完成生成项目“F:\swfproject\3dls_colon - 05\3dls_colon\3dls_colon.vcxproj”(Build 个目标)的操作。

生成成功。

已用时间 00:00:04.23
